This is pdfTeX, Version 3.14159265-2.6-1.40.18 (MiKTeX 2.9.6500 64-bit) (preloaded format=pdflatex 2019.12.20)  13 FEB 2020 05:07
entering extended mode
**./main.tex
(main.tex
LaTeX2e <2017-04-15>
Babel <3.15> and hyphenation patterns for 75 language(s) loaded.
("C:\Program Files\MiKTeX 2.9\tex\latex\base\article.cls"
Document Class: article 2014/09/29 v1.4h Standard LaTeX document class
("C:\Program Files\MiKTeX 2.9\tex\latex\base\size12.clo"
File: size12.clo 2014/09/29 v1.4h Standard LaTeX file (size option)
)
\c@part=\count79
\c@section=\count80
\c@subsection=\count81
\c@subsubsection=\count82
\c@paragraph=\count83
\c@subparagraph=\count84
\c@figure=\count85
\c@table=\count86
\abovecaptionskip=\skip41
\belowcaptionskip=\skip42
\bibindent=\dimen102
)
("C:\Program Files\MiKTeX 2.9\tex\latex\amsmath\amsmath.sty"
Package: amsmath 2017/09/02 v2.17a AMS math features
\@mathmargin=\skip43

For additional information on amsmath, use the `?' option.
("C:\Program Files\MiKTeX 2.9\tex\latex\amsmath\amstext.sty"
Package: amstext 2000/06/29 v2.01 AMS text

("C:\Program Files\MiKTeX 2.9\tex\latex\amsmath\amsgen.sty"
File: amsgen.sty 1999/11/30 v2.0 generic functions
\@emptytoks=\toks14
\ex@=\dimen103
))
("C:\Program Files\MiKTeX 2.9\tex\latex\amsmath\amsbsy.sty"
Package: amsbsy 1999/11/29 v1.2d Bold Symbols
\pmbraise@=\dimen104
)
("C:\Program Files\MiKTeX 2.9\tex\latex\amsmath\amsopn.sty"
Package: amsopn 2016/03/08 v2.02 operator names
)
\inf@bad=\count87
LaTeX Info: Redefining \frac on input line 213.
\uproot@=\count88
\leftroot@=\count89
LaTeX Info: Redefining \overline on input line 375.
\classnum@=\count90
\DOTSCASE@=\count91
LaTeX Info: Redefining \ldots on input line 472.
LaTeX Info: Redefining \dots on input line 475.
LaTeX Info: Redefining \cdots on input line 596.
\Mathstrutbox@=\box26
\strutbox@=\box27
\big@size=\dimen105
LaTeX Font Info:    Redeclaring font encoding OML on input line 712.
LaTeX Font Info:    Redeclaring font encoding OMS on input line 713.
\macc@depth=\count92
\c@MaxMatrixCols=\count93
\dotsspace@=\muskip10
\c@parentequation=\count94
\dspbrk@lvl=\count95
\tag@help=\toks15
\row@=\count96
\column@=\count97
\maxfields@=\count98
\andhelp@=\toks16
\eqnshift@=\dimen106
\alignsep@=\dimen107
\tagshift@=\dimen108
\tagwidth@=\dimen109
\totwidth@=\dimen110
\lineht@=\dimen111
\@envbody=\toks17
\multlinegap=\skip44
\multlinetaggap=\skip45
\mathdisplay@stack=\toks18
LaTeX Info: Redefining \[ on input line 2817.
LaTeX Info: Redefining \] on input line 2818.
)
("C:\Program Files\MiKTeX 2.9\tex\latex\graphics\graphicx.sty"
Package: graphicx 2017/06/01 v1.1a Enhanced LaTeX Graphics (DPC,SPQR)

("C:\Program Files\MiKTeX 2.9\tex\latex\graphics\keyval.sty"
Package: keyval 2014/10/28 v1.15 key=value parser (DPC)
\KV@toks@=\toks19
)
("C:\Program Files\MiKTeX 2.9\tex\latex\graphics\graphics.sty"
Package: graphics 2017/06/25 v1.2c Standard LaTeX Graphics (DPC,SPQR)

("C:\Program Files\MiKTeX 2.9\tex\latex\graphics\trig.sty"
Package: trig 2016/01/03 v1.10 sin cos tan (DPC)
)
("C:\Program Files\MiKTeX 2.9\tex\latex\graphics-cfg\graphics.cfg"
File: graphics.cfg 2016/06/04 v1.11 sample graphics configuration
)
Package graphics Info: Driver file: pdftex.def on input line 99.

("C:\Program Files\MiKTeX 2.9\tex\latex\graphics-def\pdftex.def"
File: pdftex.def 2017/12/07 v1.0i Graphics/color driver for pdftex
))
\Gin@req@height=\dimen112
\Gin@req@width=\dimen113
) (main.aux)
\openout1 = `main.aux'.

LaTeX Font Info:    Checking defaults for OML/cmm/m/it on input line 13.
LaTeX Font Info:    ... okay on input line 13.
LaTeX Font Info:    Checking defaults for T1/cmr/m/n on input line 13.
LaTeX Font Info:    ... okay on input line 13.
LaTeX Font Info:    Checking defaults for OT1/cmr/m/n on input line 13.
LaTeX Font Info:    ... okay on input line 13.
LaTeX Font Info:    Checking defaults for OMS/cmsy/m/n on input line 13.
LaTeX Font Info:    ... okay on input line 13.
LaTeX Font Info:    Checking defaults for OMX/cmex/m/n on input line 13.
LaTeX Font Info:    ... okay on input line 13.
LaTeX Font Info:    Checking defaults for U/cmr/m/n on input line 13.
LaTeX Font Info:    ... okay on input line 13.

("C:\Program Files\MiKTeX 2.9\tex\context\base\supp-pdf.mkii"
[Loading MPS to PDF converter (version 2006.09.02).]
\scratchcounter=\count99
\scratchdimen=\dimen114
\scratchbox=\box28
\nofMPsegments=\count100
\nofMParguments=\count101
\everyMPshowfont=\toks20
\MPscratchCnt=\count102
\MPscratchDim=\dimen115
\MPnumerator=\count103
\makeMPintoPDFobject=\count104
\everyMPtoPDFconversion=\toks21
) ("C:\Program Files\MiKTeX 2.9\tex\latex\oberdiek\epstopdf-base.sty"
Package: epstopdf-base 2016/05/15 v2.6 Base part for package epstopdf

("C:\Program Files\MiKTeX 2.9\tex\generic\oberdiek\infwarerr.sty"
Package: infwarerr 2016/05/16 v1.4 Providing info/warning/error messages (HO)
)
("C:\Program Files\MiKTeX 2.9\tex\latex\oberdiek\grfext.sty"
Package: grfext 2016/05/16 v1.2 Manage graphics extensions (HO)

("C:\Program Files\MiKTeX 2.9\tex\generic\oberdiek\kvdefinekeys.sty"
Package: kvdefinekeys 2016/05/16 v1.4 Define keys (HO)

("C:\Program Files\MiKTeX 2.9\tex\generic\oberdiek\ltxcmds.sty"
Package: ltxcmds 2016/05/16 v1.23 LaTeX kernel commands for general use (HO)
)))
("C:\Program Files\MiKTeX 2.9\tex\latex\oberdiek\kvoptions.sty"
Package: kvoptions 2016/05/16 v3.12 Key value format for package options (HO)

("C:\Program Files\MiKTeX 2.9\tex\generic\oberdiek\kvsetkeys.sty"
Package: kvsetkeys 2016/05/16 v1.17 Key value parser (HO)

("C:\Program Files\MiKTeX 2.9\tex\generic\oberdiek\etexcmds.sty"
Package: etexcmds 2016/05/16 v1.6 Avoid name clashes with e-TeX commands (HO)

("C:\Program Files\MiKTeX 2.9\tex\generic\oberdiek\ifluatex.sty"
Package: ifluatex 2016/05/16 v1.4 Provides the ifluatex switch (HO)
Package ifluatex Info: LuaTeX not detected.
)
Package etexcmds Info: Could not find \expanded.
(etexcmds)             That can mean that you are not using pdfTeX 1.50 or
(etexcmds)             that some package has redefined \expanded.
(etexcmds)             In the latter case, load this package earlier.
)))
("C:\Program Files\MiKTeX 2.9\tex\latex\pdftexcmds\pdftexcmds.sty"
Package: pdftexcmds 2019/11/24 v0.31 Utility functions of pdfTeX for LuaTeX (HO
)

("C:\Program Files\MiKTeX 2.9\tex\generic\iftex\iftex.sty"
Package: iftex 2019/11/07 v1.0c TeX engine tests
)
Package pdftexcmds Info: \pdf@primitive is available.
Package pdftexcmds Info: \pdf@ifprimitive is available.
Package pdftexcmds Info: \pdfdraftmode found.
)
Package epstopdf-base Info: Redefining graphics rule for `.eps' on input line 4
38.
Package grfext Info: Graphics extension search list:
(grfext)             [.pdf,.png,.jpg,.mps,.jpeg,.jbig2,.jb2,.PDF,.PNG,.JPG,.JPE
G,.JBIG2,.JB2,.eps]
(grfext)             \AppendGraphicsExtensions on input line 456.
) [1

{C:/Users/genev/AppData/Local/MiKTeX/2.9/pdftex/config/pdftex.map}] [2]
<./code/a_forward_time_backward_space_1_10th.png, id=16, 421.575pt x 316.0608pt
>
File: ./code/a_forward_time_backward_space_1_10th.png Graphic file (type png)
<use ./code/a_forward_time_backward_space_1_10th.png>
Package pdftex.def Info: ./code/a_forward_time_backward_space_1_10th.png  used 
on input line 109.
(pdftex.def)             Requested size: 234.00238pt x 175.4351pt.
<./code/a_forward_time_backward_space_1_20th.png, id=17, 421.575pt x 316.0608pt
>
File: ./code/a_forward_time_backward_space_1_20th.png Graphic file (type png)
<use ./code/a_forward_time_backward_space_1_20th.png>
Package pdftex.def Info: ./code/a_forward_time_backward_space_1_20th.png  used 
on input line 109.
(pdftex.def)             Requested size: 234.00238pt x 175.4351pt.
<./code/a_forward_time_backward_space_1_40th.png, id=18, 421.575pt x 316.0608pt
>
File: ./code/a_forward_time_backward_space_1_40th.png Graphic file (type png)
<use ./code/a_forward_time_backward_space_1_40th.png>
Package pdftex.def Info: ./code/a_forward_time_backward_space_1_40th.png  used 
on input line 110.
(pdftex.def)             Requested size: 234.00238pt x 175.4351pt.


LaTeX Warning: Float too large for page by 21.80531pt on input line 112.

<./code/b_forward_time_central_space_1_10th.png, id=19, 421.575pt x 316.0608pt>

File: ./code/b_forward_time_central_space_1_10th.png Graphic file (type png)
<use ./code/b_forward_time_central_space_1_10th.png>
Package pdftex.def Info: ./code/b_forward_time_central_space_1_10th.png  used o
n input line 120.
(pdftex.def)             Requested size: 234.00238pt x 175.4351pt.
<./code/b_forward_time_central_space_1_20th.png, id=20, 421.575pt x 316.0608pt>

File: ./code/b_forward_time_central_space_1_20th.png Graphic file (type png)
<use ./code/b_forward_time_central_space_1_20th.png>
Package pdftex.def Info: ./code/b_forward_time_central_space_1_20th.png  used o
n input line 120.
(pdftex.def)             Requested size: 234.00238pt x 175.4351pt.
<./code/b_forward_time_central_space_1_40th.png, id=21, 421.575pt x 316.0608pt>

File: ./code/b_forward_time_central_space_1_40th.png Graphic file (type png)
<use ./code/b_forward_time_central_space_1_40th.png>
Package pdftex.def Info: ./code/b_forward_time_central_space_1_40th.png  used o
n input line 121.
(pdftex.def)             Requested size: 234.00238pt x 175.4351pt.

LaTeX Warning: Float too large for page by 21.80531pt on input line 123.

<./code/c_lax_friedrichs_1_10th.png, id=22, 421.575pt x 316.0608pt>
File: ./code/c_lax_friedrichs_1_10th.png Graphic file (type png)
<use ./code/c_lax_friedrichs_1_10th.png>
Package pdftex.def Info: ./code/c_lax_friedrichs_1_10th.png  used on input line
 131.
(pdftex.def)             Requested size: 234.00238pt x 175.4351pt.
<./code/c_lax_friedrichs_1_20th.png, id=23, 421.575pt x 316.0608pt>
File: ./code/c_lax_friedrichs_1_20th.png Graphic file (type png)
<use ./code/c_lax_friedrichs_1_20th.png>
Package pdftex.def Info: ./code/c_lax_friedrichs_1_20th.png  used on input line
 131.
(pdftex.def)             Requested size: 234.00238pt x 175.4351pt.
<./code/c_lax_friedrichs_1_40th.png, id=24, 421.575pt x 316.0608pt>
File: ./code/c_lax_friedrichs_1_40th.png Graphic file (type png)
<use ./code/c_lax_friedrichs_1_40th.png>
Package pdftex.def Info: ./code/c_lax_friedrichs_1_40th.png  used on input line
 132.
(pdftex.def)             Requested size: 234.00238pt x 175.4351pt.

LaTeX Warning: Float too large for page by 21.13863pt on input line 134.

<./code/d_leapfrog_1_10th.png, id=25, 421.575pt x 316.0608pt>
File: ./code/d_leapfrog_1_10th.png Graphic file (type png)
<use ./code/d_leapfrog_1_10th.png>
Package pdftex.def Info: ./code/d_leapfrog_1_10th.png  used on input line 142.
(pdftex.def)             Requested size: 234.00238pt x 175.4351pt.
<./code/d_leapfrog_1_20th.png, id=26, 421.575pt x 316.0608pt>
File: ./code/d_leapfrog_1_20th.png Graphic file (type png)
<use ./code/d_leapfrog_1_20th.png>
Package pdftex.def Info: ./code/d_leapfrog_1_20th.png  used on input line 142.
(pdftex.def)             Requested size: 234.00238pt x 175.4351pt.
<./code/d_leapfrog_1_40th.png, id=27, 421.575pt x 316.0608pt>
File: ./code/d_leapfrog_1_40th.png Graphic file (type png)
<use ./code/d_leapfrog_1_40th.png>
Package pdftex.def Info: ./code/d_leapfrog_1_40th.png  used on input line 143.
(pdftex.def)             Requested size: 234.00238pt x 175.4351pt.

LaTeX Warning: Float too large for page by 21.13863pt on input line 145.

[3] [4 <./code/a_forward_time_backward_space_1_10th.png (PNG copy)> <./code/a_f
orward_time_backward_space_1_20th.png (PNG copy)> <./code/a_forward_time_backwa
rd_space_1_40th.png (PNG copy)>] [5 <./code/b_forward_time_central_space_1_10th
.png (PNG copy)> <./code/b_forward_time_central_space_1_20th.png (PNG copy)> <.
/code/b_forward_time_central_space_1_40th.png (PNG copy)>] [6 <./code/c_lax_fri
edrichs_1_10th.png (PNG copy)> <./code/c_lax_friedrichs_1_20th.png (PNG copy)> 
<./code/c_lax_friedrichs_1_40th.png (PNG copy)>] [7 <./code/d_leapfrog_1_10th.p
ng (PNG copy)> <./code/d_leapfrog_1_20th.png (PNG copy)> <./code/d_leapfrog_1_4
0th.png (PNG copy)>] [8]
Overfull \hbox (26.49359pt too wide) detected at line 229
[][]
 []

[9]
Overfull \hbox (4.44551pt too wide) detected at line 259
[][]
 []

[10] (main.aux) ) 
Here is how much of TeX's memory you used:
 2159 strings out of 493312
 30488 string characters out of 3138898
 91528 words of memory out of 3000000
 5685 multiletter control sequences out of 15000+200000
 9795 words of font info for 36 fonts, out of 3000000 for 9000
 1141 hyphenation exceptions out of 8191
 41i,11n,25p,400b,225s stack positions out of 5000i,500n,10000p,200000b,50000s
<C:/Program Files/MiKTeX 2.9/fonts/type1/public/amsfonts/cm/cm
bx12.pfb><C:/Program Files/MiKTeX 2.9/fonts/type1/public/amsfonts/cm/cmex10.pfb
><C:/Program Files/MiKTeX 2.9/fonts/type1/public/amsfonts/cm/cmmi12.pfb><C:/Pro
gram Files/MiKTeX 2.9/fonts/type1/public/amsfonts/cm/cmmi6.pfb><C:/Program File
s/MiKTeX 2.9/fonts/type1/public/amsfonts/cm/cmmi8.pfb><C:/Program Files/MiKTeX 
2.9/fonts/type1/public/amsfonts/cm/cmr12.pfb><C:/Program Files/MiKTeX 2.9/fonts
/type1/public/amsfonts/cm/cmr17.pfb><C:/Program Files/MiKTeX 2.9/fonts/type1/pu
blic/amsfonts/cm/cmr8.pfb><C:/Program Files/MiKTeX 2.9/fonts/type1/public/amsfo
nts/cm/cmsy10.pfb><C:/Program Files/MiKTeX 2.9/fonts/type1/public/amsfonts/cm/c
msy8.pfb><C:/Program Files/MiKTeX 2.9/fonts/type1/public/amsfonts/cm/cmtt12.pfb
>
Output written on main.pdf (10 pages, 516689 bytes).
PDF statistics:
 91 PDF objects out of 1000 (max. 8388607)
 0 named destinations out of 1000 (max. 500000)
 61 words of extra memory for PDF output out of 10000 (max. 10000000)

